{
  "RSpec": {
    "coverage": {
      "/Users/antoinedoolaeghe/Documents/MakersAcademy/Challenge/bank_tech_test/spec/unit/bank_spec.rb": [
        1,
        1,
        null,
        1,
        null,
        5,
        2,
        4,
        2,
        null,
        1,
        1,
        1,
        null,
        null,
        null,
        1,
        2,
        1,
        1,
        null,
        null,
        null,
        1,
        1,
        1,
        1,
        null,
        null,
        1,
        1,
        null,
        null,
        null,
        1,
        2,
        1,
        1,
        null,
        null,
        null
      ],
      "/Users/antoinedoolaeghe/Documents/MakersAcademy/Challenge/bank_tech_test/lib/bank.rb": [
        1,
        1,
        1,
        null,
        1,
        null,
        1,
        null,
        1,
        1,
        4,
        4,
        4,
        4,
        null,
        null,
        1,
        3,
        3,
        null,
        null,
        1,
        1,
        1,
        null,
        null,
        1,
        1,
        1,
        null,
        null,
        1,
        null,
        1,
        3,
        null,
        null,
        1,
        1,
        null,
        null
      ],
      "/Users/antoinedoolaeghe/Documents/MakersAcademy/Challenge/bank_tech_test/lib/printer.rb": [
        1,
        null,
        1,
        5,
        null,
        null,
        1,
        2,
        null,
        null,
        1,
        2,
        2,
        null,
        null,
        null,
        1,
        null,
        1,
        2,
        null,
        null,
        null
      ],
      "/Users/antoinedoolaeghe/Documents/MakersAcademy/Challenge/bank_tech_test/lib/transactions.rb": [
        1,
        null,
        1,
        1,
        4,
        null,
        null,
        1,
        2,
        null,
        null
      ],
      "/Users/antoinedoolaeghe/Documents/MakersAcademy/Challenge/bank_tech_test/spec/unit/printer_spec.rb": [
        1,
        null,
        1,
        2,
        2,
        2,
        2,
        null,
        2,
        null,
        1,
        1,
        null,
        null,
        1,
        1,
        null,
        null
      ],
      "/Users/antoinedoolaeghe/Documents/MakersAcademy/Challenge/bank_tech_test/spec/unit/transactions_spec.rb": [
        1,
        1,
        null,
        1,
        3,
        3,
        3,
        3,
        3,
        null,
        1,
        1,
        1,
        null,
        null,
        1,
        1,
        null,
        null,
        null,
        1,
        1,
        1,
        null,
        1,
        1,
        null,
        null,
        null
      ]
    },
    "timestamp": 1504705528
  }
}
